<?xml version="1.0" encoding="UTF-8"?>
<!-- Generated by org.testng.reporters.JUnitXMLReporter -->
<testsuite hostname="WINCTRL-L53BSHI" ignored="3" name="Default test" tests="1" failures="0" timestamp="24 Nov 2019 07:50:57 GMT" time="25.585" errors="0">
  <testcase name="loginAsSuperUser" time="11.982" classname="com.freecrm.testcases.RegisterNewUserTest"/>
  <testcase name="readfromtextFile" time="0.0" classname="com.freecrm.testcases.RegisterNewUserTest">
    <ignored/>
  </testcase> <!-- readfromtextFile -->
  <testcase name="readFromxl" time="0.0" classname="com.freecrm.testcases.RegisterNewUserTest">
    <ignored/>
  </testcase> <!-- readFromxl -->
  <testcase name="testDatapRovider" time="0.0" classname="com.freecrm.testcases.RegisterNewUserTest">
    <ignored/>
  </testcase> <!-- testDatapRovider -->
</testsuite> <!-- Default test -->
