<?xml version="1.0" encoding="UTF-8"?>
<!-- Generated by org.testng.reporters.JUnitXMLReporter -->
<testsuite hostname="WINCTRL-L53BSHI" ignored="0" name="Test" tests="3" failures="1" timestamp="09 Dec 2019 01:58:02 GMT" time="0.063" errors="0">
  <testcase name="testcase001" time="0.008" classname="com.freecrm.listeners.UseListenersInTest"/>
  <testcase name="testcase002" time="0.003" classname="com.freecrm.listeners.UseListenersInTest">
    <failure type="java.lang.AssertionError" message="null">
      <![CDATA[java.lang.AssertionError: null
at com.freecrm.listeners.UseListenersInTest.testcase002(UseListenersInTest.java:17)
... Removed 27 stack frames]]>
    </failure>
  </testcase> <!-- testcase002 -->
  <testcase name="testcase003" time="0.001" classname="com.freecrm.listeners.UseListenersInTest"/>
</testsuite> <!-- Test -->
