<?xml version="1.0" encoding="UTF-8"?>
<!-- Generated by org.testng.reporters.JUnitXMLReporter -->
<testsuite hostname="WINCTRL-L53BSHI" ignored="0" name="ConfigTests" tests="4" failures="0" timestamp="29 Nov 2019 15:31:09 GMT" time="133.622" errors="0">
  <testcase name="createSuperUser" time="47.724" classname="client.core.CreateUserTests"/>
  <testcase name="createSuperUser" time="46.595" classname="client.core.CopyOfCreateUserTests"/>
  <testcase name="createAdminUser" time="0.004" classname="client.core.CreateUserTests"/>
  <testcase name="createAdminUser" time="0.001" classname="client.core.CopyOfCreateUserTests"/>
</testsuite> <!-- ConfigTests -->
