<?xml version="1.0" encoding="UTF-8"?>
<testng-results skipped="0" failed="0" ignored="3" total="4" passed="1">
  <reporter-output>
  </reporter-output>
  <suite name="Default suite" duration-ms="46437" started-at="2019-11-23T17:53:12Z" finished-at="2019-11-23T17:53:58Z">
    <groups>
    </groups>
    <test name="Default test" duration-ms="46437" started-at="2019-11-23T17:53:12Z" finished-at="2019-11-23T17:53:58Z">
      <class name="com.freecrm.testcases.RegisterNewUserTest">
        <test-method status="PASS" signature="bfrclss()[pri:0, instance:com.freecrm.testcases.RegisterNewUserTest@e9fd99]" name="bfrclss" is-config="true" duration-ms="8888" started-at="2019-11-23T17:53:12Z" finished-at="2019-11-23T17:53:21Z">
          <reporter-output>
          </reporter-output>
        </test-method> <!-- bfrclss -->
        <test-method status="PASS" signature="signUp()[pri:0, instance:com.freecrm.testcases.RegisterNewUserTest@e9fd99]" name="signUp" duration-ms="36874" started-at="2019-11-23T17:53:21Z" description="user creation" finished-at="2019-11-23T17:53:58Z">
          <reporter-output>
          </reporter-output>
        </test-method> <!-- signUp -->
        <test-method status="PASS" signature="afterMethod()[pri:0, instance:com.freecrm.testcases.RegisterNewUserTest@e9fd99]" name="afterMethod" is-config="true" duration-ms="625" started-at="2019-11-23T17:53:58Z" finished-at="2019-11-23T17:53:58Z">
          <reporter-output>
          </reporter-output>
        </test-method> <!-- afterMethod -->
      </class> <!-- com.freecrm.testcases.RegisterNewUserTest -->
    </test> <!-- Default test -->
  </suite> <!-- Default suite -->
</testng-results>
