<?xml version="1.0" encoding="UTF-8"?>
<!-- Generated by org.testng.reporters.JUnitXMLReporter -->
<testsuite hostname="kt667348-dev1" ignored="0" name="Default test" tests="4" failures="0" timestamp="16 Nov 2019 11:19:42 GMT" time="4.918" errors="0">
  <testcase name="createTempUser" time="0.015" classname="com.users.User.CreateUserTests"/>
  <testcase name="createAdminUser" time="0.05" classname="com.users.User.CreateUserTests"/>
  <testcase name="createSuperUser" time="0.0" classname="com.users.User.CreateUserTests"/>
  <testcase name="createGlobalUser" time="0.717" classname="com.users.User.CreateUserTests"/>
</testsuite> <!-- Default test -->
